<?xml version="1.0" encoding="UTF-8" ?>
<testsuite tests="7" failures="0" name="com.enigma.impl.ParkingLotDaoImplTest" time="0" errors="0" skipped="0">
  <properties>
[...]
</properties>
  <testcase classname="com.enigma.impl.ParkingLotDaoImplTest" name="leave_should_return_num_of_available_slot" time="0"/>
  <testcase classname="com.enigma.impl.ParkingLotDaoImplTest" name="should_able_to_park_when_parking_slot_is_empty" time="0"/>
  <testcase classname="com.enigma.impl.ParkingLotDaoImplTest" name="should_able_to_park_when_given_one_capacity" time="0"/>
  <testcase classname="com.enigma.impl.ParkingLotDaoImplTest" name="get_parking_slot_status_should_return_description_of_parking_status" time="0"/>
  <testcase classname="com.enigma.impl.ParkingLotDaoImplTest" name="should_able_to_createPark" time="0"/>
  <testcase classname="com.enigma.impl.ParkingLotDaoImplTest" name="leave_should_return_message_lincenseNumber_not_found" time="0"/>
  <testcase classname="com.enigma.impl.ParkingLotDaoImplTest" name="park_should_not_be_able_to_park_when_license_number_is_same" time="0"/>
</testsuite>